Input                       CurrentTime[s]              
./data/othello.txt          0,00289                     
./data/titus.txt            0,00074                     
./data/allswell.txt         0,00091                     
./data/taming_shrew.txt     0,00085                     
./data/henryviii.txt        0,00117                     
./data/2henryvi.txt         0,00139                     
./data/2henryiv.txt         0,00085                     
./data/pericles.txt         0,00066                     
./data/1henryvi.txt         0,00091                     
./data/troilus_cressida.txt 0,00093                     
./data/1henryiv.txt         0,00055                     
./data/twelfth_night.txt    0,00068                     
./data/julius_caesar.txt    0,00061                     
./data/hamlet.txt           0,00072                     
./data/richardii.txt        0,00087                     
./data/3henryvi.txt         0,00066                     
./data/tempest.txt          0,00063                     
./data/winters_tale.txt     0,00073                     
./data/two_gentlemen.txt    0,00051                     
./data/midsummer.txt        0,00052                     
./data/merchant.txt         0,00059                     
./data/cleopatra.txt        0,00066                     
./data/john.txt             0,00081                     
./data/cymbeline.txt        0,00071                     
./data/merry_wives.txt      0,00062                     
./data/much_ado.txt         0,00056                     
./data/comedy_errors.txt    0,00052                     
./data/timon.txt            0,00072                     
./data/henryv.txt           0,00064                     
./data/romeo_juliet.txt     0,00052                     
./data/richardiii.txt       0,00058                     
./data/asyoulikeit.txt      0,00067                     
./data/macbeth.txt          0,00049                     
./data/lll.txt              0,00054                     
./data/measure.txt          0,00055                     
./data/lear.txt             0,00087                     
./data/coriolanus.txt       0,00061                     
