Input                       CurrentTime[s]              
./data/othello.txt          0,00114                     
./data/titus.txt            0,00047                     
./data/allswell.txt         0,00045                     
./data/taming_shrew.txt     0,00055                     
./data/henryviii.txt        0,00050                     
./data/2henryvi.txt         0,00064                     
./data/2henryiv.txt         0,00058                     
./data/pericles.txt         0,00024                     
./data/1henryvi.txt         0,00021                     
./data/troilus_cressida.txt 0,00022                     
./data/1henryiv.txt         0,00023                     
./data/twelfth_night.txt    0,00027                     
./data/julius_caesar.txt    0,00018                     
./data/hamlet.txt           0,00029                     
./data/richardii.txt        0,00021                     
./data/3henryvi.txt         0,00021                     
./data/tempest.txt          0,00016                     
./data/winters_tale.txt     0,00020                     
./data/two_gentlemen.txt    0,00021                     
./data/midsummer.txt        0,00018                     
./data/merchant.txt         0,00018                     
./data/cleopatra.txt        0,00024                     
./data/john.txt             0,00020                     
./data/cymbeline.txt        0,00020                     
./data/merry_wives.txt      0,00022                     
./data/much_ado.txt         0,00023                     
./data/comedy_errors.txt    0,00021                     
./data/timon.txt            0,00020                     
./data/henryv.txt           0,00024                     
./data/romeo_juliet.txt     0,00020                     
./data/richardiii.txt       0,00024                     
./data/asyoulikeit.txt      0,00020                     
./data/macbeth.txt          0,00019                     
./data/lll.txt              0,00023                     
./data/measure.txt          0,00022                     
./data/lear.txt             0,00020                     
./data/coriolanus.txt       0,00022                     
