Input                       CurrentTime[s]              
./data/othello.txt          0,00047                     
./data/titus.txt            0,00022                     
./data/allswell.txt         0,00017                     
./data/taming_shrew.txt     0,00012                     
./data/henryviii.txt        0,00014                     
./data/2henryvi.txt         0,00013                     
./data/2henryiv.txt         0,00013                     
./data/pericles.txt         0,00010                     
./data/1henryvi.txt         0,00007                     
./data/troilus_cressida.txt 0,00008                     
./data/1henryiv.txt         0,00008                     
./data/twelfth_night.txt    0,00007                     
./data/julius_caesar.txt    0,00007                     
./data/hamlet.txt           0,00008                     
./data/richardii.txt        0,00007                     
./data/3henryvi.txt         0,00008                     
./data/tempest.txt          0,00010                     
./data/winters_tale.txt     0,00009                     
./data/two_gentlemen.txt    0,00007                     
./data/midsummer.txt        0,00008                     
./data/merchant.txt         0,00235                     
./data/cleopatra.txt        0,00009                     
./data/john.txt             0,00008                     
./data/cymbeline.txt        0,00007                     
./data/merry_wives.txt      0,00010                     
./data/much_ado.txt         0,00008                     
./data/comedy_errors.txt    0,00010                     
./data/timon.txt            0,00007                     
./data/henryv.txt           0,00008                     
./data/romeo_juliet.txt     0,00007                     
./data/richardiii.txt       0,00008                     
./data/asyoulikeit.txt      0,00008                     
./data/macbeth.txt          0,00008                     
./data/lll.txt              0,00008                     
./data/measure.txt          0,00015                     
./data/lear.txt             0,00009                     
./data/coriolanus.txt       0,00010                     
